2024-02-25 11:09:14.154 [restartedMain] INFO  com.fjut.healthydietapp.HealthyDietAppApplication - Starting HealthyDietAppApplication using Java 21.0.1 with PID 17664 (D:\代码\项目代码\HealthyDietApp\target\classes started by 86152 in D:\代码\项目代码\HealthyDietApp)
2024-02-25 11:09:14.158 [restartedMain] INFO  com.fjut.healthydietapp.HealthyDietAppApplication - The following 1 profile is active: "dev"
2024-02-25 11:09:14.215 [restartedMain] INFO  o.s.b.d.env.DevToolsPropertyDefaultsPostProcessor - Devtools property defaults active! Set 'spring.devtools.add-properties' to 'false' to disable
2024-02-25 11:09:14.216 [restartedMain] INFO  o.s.b.d.env.DevToolsPropertyDefaultsPostProcessor - For additional web related logging consider setting the 'logging.level.web' property to 'DEBUG'
2024-02-25 11:09:14.878 [restartedMain] INFO  o.s.d.r.config.RepositoryConfigurationDelegate - Multiple Spring Data modules found, entering strict repository configuration mode
2024-02-25 11:09:14.880 [restartedMain] INFO  o.s.d.r.config.RepositoryConfigurationDelegate - Bootstrapping Spring Data Redis repositories in DEFAULT mode.
2024-02-25 11:09:14.910 [restartedMain] INFO  o.s.d.r.config.RepositoryConfigurationDelegate - Finished Spring Data repository scanning in 16 ms. Found 0 Redis repository interfaces.
2024-02-25 11:09:15.659 [restartedMain] INFO  o.s.boot.web.embedded.tomcat.TomcatWebServer - Tomcat initialized with port(s): 8080 (http)
2024-02-25 11:09:15.667 [restartedMain] INFO  org.apache.coyote.http11.Http11NioProtocol - Initializing ProtocolHandler ["http-nio-8080"]
2024-02-25 11:09:15.670 [restartedMain] INFO  org.apache.catalina.core.StandardService - Starting service [Tomcat]
2024-02-25 11:09:15.670 [restartedMain] INFO  org.apache.catalina.core.StandardEngine - Starting Servlet engine: [Apache Tomcat/10.1.16]
2024-02-25 11:09:15.734 [restartedMain] INFO  o.a.c.core.ContainerBase.[Tomcat].[localhost].[/] - Initializing Spring embedded WebApplicationContext
2024-02-25 11:09:15.735 [restartedMain] INFO  o.s.b.w.s.c.ServletWebServerApplicationContext - Root WebApplicationContext: initialization completed in 1519 ms
2024-02-25 11:09:17.429 [restartedMain] INFO  o.s.b.d.autoconfigure.OptionalLiveReloadServer - LiveReload server is running on port 35729
2024-02-25 11:09:17.451 [restartedMain] INFO  org.apache.coyote.http11.Http11NioProtocol - Starting ProtocolHandler ["http-nio-8080"]
2024-02-25 11:09:17.467 [restartedMain] INFO  o.s.boot.web.embedded.tomcat.TomcatWebServer - Tomcat started on port(s): 8080 (http) with context path ''
2024-02-25 11:09:17.474 [restartedMain] INFO  com.fjut.healthydietapp.HealthyDietAppApplication - Started HealthyDietAppApplication in 3.869 seconds (process running for 4.949)
2024-02-25 11:09:31.061 [http-nio-8080-exec-2] INFO  o.a.c.core.ContainerBase.[Tomcat].[localhost].[/] - Initializing Spring DispatcherServlet 'dispatcherServlet'
2024-02-25 11:09:31.061 [http-nio-8080-exec-2] INFO  org.springframework.web.servlet.DispatcherServlet - Initializing Servlet 'dispatcherServlet'
2024-02-25 11:09:31.063 [http-nio-8080-exec-2] INFO  org.springframework.web.servlet.DispatcherServlet - Completed initialization in 2 ms
2024-02-25 11:10:27.682 [http-nio-8080-exec-5] INFO  com.zaxxer.hikari.HikariDataSource - HikariPool-1 - Starting...
2024-02-25 11:10:27.976 [http-nio-8080-exec-5] INFO  com.zaxxer.hikari.pool.HikariPool - HikariPool-1 - Added connection com.mysql.cj.jdbc.ConnectionImpl@4d422fe8
2024-02-25 11:10:27.977 [http-nio-8080-exec-5] INFO  com.zaxxer.hikari.HikariDataSource - HikariPool-1 - Start completed.
2024-02-25 15:50:14.425 [SpringApplicationShutdownHook] INFO  com.zaxxer.hikari.HikariDataSource - HikariPool-1 - Shutdown initiated...
2024-02-25 15:50:14.429 [SpringApplicationShutdownHook] INFO  com.zaxxer.hikari.HikariDataSource - HikariPool-1 - Shutdown completed.
2024-02-25 15:50:18.437 [restartedMain] INFO  com.fjut.healthydietapp.HealthyDietAppApplication - Starting HealthyDietAppApplication using Java 21.0.1 with PID 24940 (D:\代码\项目代码\HealthyDietApp\target\classes started by 86152 in D:\代码\项目代码\HealthyDietApp)
2024-02-25 15:50:18.440 [restartedMain] INFO  com.fjut.healthydietapp.HealthyDietAppApplication - The following 1 profile is active: "dev"
2024-02-25 15:50:18.482 [restartedMain] INFO  o.s.b.d.env.DevToolsPropertyDefaultsPostProcessor - Devtools property defaults active! Set 'spring.devtools.add-properties' to 'false' to disable
2024-02-25 15:50:18.482 [restartedMain] INFO  o.s.b.d.env.DevToolsPropertyDefaultsPostProcessor - For additional web related logging consider setting the 'logging.level.web' property to 'DEBUG'
2024-02-25 15:50:19.065 [restartedMain] INFO  o.s.d.r.config.RepositoryConfigurationDelegate - Multiple Spring Data modules found, entering strict repository configuration mode
2024-02-25 15:50:19.068 [restartedMain] INFO  o.s.d.r.config.RepositoryConfigurationDelegate - Bootstrapping Spring Data Redis repositories in DEFAULT mode.
2024-02-25 15:50:19.096 [restartedMain] INFO  o.s.d.r.config.RepositoryConfigurationDelegate - Finished Spring Data repository scanning in 16 ms. Found 0 Redis repository interfaces.
2024-02-25 15:50:19.669 [restartedMain] INFO  o.s.boot.web.embedded.tomcat.TomcatWebServer - Tomcat initialized with port(s): 8080 (http)
2024-02-25 15:50:19.676 [restartedMain] INFO  org.apache.coyote.http11.Http11NioProtocol - Initializing ProtocolHandler ["http-nio-8080"]
2024-02-25 15:50:19.677 [restartedMain] INFO  org.apache.catalina.core.StandardService - Starting service [Tomcat]
2024-02-25 15:50:19.677 [restartedMain] INFO  org.apache.catalina.core.StandardEngine - Starting Servlet engine: [Apache Tomcat/10.1.16]
2024-02-25 15:50:19.737 [restartedMain] INFO  o.a.c.core.ContainerBase.[Tomcat].[localhost].[/] - Initializing Spring embedded WebApplicationContext
2024-02-25 15:50:19.737 [restartedMain] INFO  o.s.b.w.s.c.ServletWebServerApplicationContext - Root WebApplicationContext: initialization completed in 1254 ms
2024-02-25 15:50:20.862 [restartedMain] INFO  o.s.b.d.autoconfigure.OptionalLiveReloadServer - LiveReload server is running on port 35729
2024-02-25 15:50:20.878 [restartedMain] INFO  org.apache.coyote.http11.Http11NioProtocol - Starting ProtocolHandler ["http-nio-8080"]
2024-02-25 15:50:20.895 [restartedMain] INFO  o.s.boot.web.embedded.tomcat.TomcatWebServer - Tomcat started on port(s): 8080 (http) with context path ''
2024-02-25 15:50:20.904 [restartedMain] INFO  com.fjut.healthydietapp.HealthyDietAppApplication - Started HealthyDietAppApplication in 2.892 seconds (process running for 3.954)
2024-02-25 15:50:30.184 [http-nio-8080-exec-1] INFO  o.a.c.core.ContainerBase.[Tomcat].[localhost].[/] - Initializing Spring DispatcherServlet 'dispatcherServlet'
2024-02-25 15:50:30.185 [http-nio-8080-exec-1] INFO  org.springframework.web.servlet.DispatcherServlet - Initializing Servlet 'dispatcherServlet'
2024-02-25 15:50:30.186 [http-nio-8080-exec-1] INFO  org.springframework.web.servlet.DispatcherServlet - Completed initialization in 1 ms
2024-02-25 15:52:42.351 [http-nio-8080-exec-4] INFO  com.zaxxer.hikari.HikariDataSource - HikariPool-1 - Starting...
2024-02-25 15:52:42.677 [http-nio-8080-exec-4] INFO  com.zaxxer.hikari.pool.HikariPool - HikariPool-1 - Added connection com.mysql.cj.jdbc.ConnectionImpl@5197aff8
2024-02-25 15:52:42.680 [http-nio-8080-exec-4] INFO  com.zaxxer.hikari.HikariDataSource - HikariPool-1 - Start completed.
2024-02-25 16:43:49.847 [File Watcher] INFO  o.s.b.d.a.LocalDevToolsAutoConfiguration$RestartingClassPathChangeChangedEventListener - Restarting due to 1 class path change (0 additions, 1 deletion, 0 modifications)
2024-02-25 16:43:49.855 [Thread-5] INFO  org.apache.coyote.http11.Http11NioProtocol - Pausing ProtocolHandler ["http-nio-8080"]
2024-02-25 16:43:49.855 [Thread-5] INFO  org.apache.catalina.core.StandardService - Stopping service [Tomcat]
2024-02-25 16:43:49.856 [Thread-5] INFO  o.a.c.core.ContainerBase.[Tomcat].[localhost].[/] - Destroying Spring FrameworkServlet 'dispatcherServlet'
2024-02-25 16:43:49.860 [Thread-5] INFO  org.apache.coyote.http11.Http11NioProtocol - Stopping ProtocolHandler ["http-nio-8080"]
2024-02-25 16:43:49.862 [Thread-5] INFO  org.apache.coyote.http11.Http11NioProtocol - Destroying ProtocolHandler ["http-nio-8080"]
2024-02-25 16:43:49.866 [Thread-5] INFO  com.zaxxer.hikari.HikariDataSource - HikariPool-1 - Shutdown initiated...
2024-02-25 16:43:49.871 [Thread-5] INFO  com.zaxxer.hikari.HikariDataSource - HikariPool-1 - Shutdown completed.
2024-02-25 16:43:50.004 [restartedMain] INFO  com.fjut.healthydietapp.HealthyDietAppApplication - Starting HealthyDietAppApplication using Java 21.0.1 with PID 24940 (D:\代码\项目代码\HealthyDietApp\target\classes started by 86152 in D:\代码\项目代码\HealthyDietApp)
2024-02-25 16:43:50.004 [restartedMain] INFO  com.fjut.healthydietapp.HealthyDietAppApplication - The following 1 profile is active: "dev"
2024-02-25 16:43:50.222 [restartedMain] INFO  o.s.d.r.config.RepositoryConfigurationDelegate - Multiple Spring Data modules found, entering strict repository configuration mode
2024-02-25 16:43:50.222 [restartedMain] INFO  o.s.d.r.config.RepositoryConfigurationDelegate - Bootstrapping Spring Data Redis repositories in DEFAULT mode.
2024-02-25 16:43:50.230 [restartedMain] INFO  o.s.d.r.config.RepositoryConfigurationDelegate - Finished Spring Data repository scanning in 6 ms. Found 0 Redis repository interfaces.
2024-02-25 16:43:50.334 [restartedMain] INFO  o.s.boot.web.embedded.tomcat.TomcatWebServer - Tomcat initialized with port(s): 8080 (http)
2024-02-25 16:43:50.335 [restartedMain] INFO  org.apache.coyote.http11.Http11NioProtocol - Initializing ProtocolHandler ["http-nio-8080"]
2024-02-25 16:43:50.335 [restartedMain] INFO  org.apache.catalina.core.StandardService - Starting service [Tomcat]
2024-02-25 16:43:50.335 [restartedMain] INFO  org.apache.catalina.core.StandardEngine - Starting Servlet engine: [Apache Tomcat/10.1.16]
2024-02-25 16:43:50.366 [restartedMain] INFO  o.a.c.core.ContainerBase.[Tomcat].[localhost].[/] - Initializing Spring embedded WebApplicationContext
2024-02-25 16:43:50.368 [restartedMain] INFO  o.s.b.w.s.c.ServletWebServerApplicationContext - Root WebApplicationContext: initialization completed in 360 ms
2024-02-25 16:43:50.671 [restartedMain] INFO  o.s.b.d.autoconfigure.OptionalLiveReloadServer - LiveReload server is running on port 35729
2024-02-25 16:43:50.681 [restartedMain] INFO  org.apache.coyote.http11.Http11NioProtocol - Starting ProtocolHandler ["http-nio-8080"]
2024-02-25 16:43:50.684 [restartedMain] INFO  o.s.boot.web.embedded.tomcat.TomcatWebServer - Tomcat started on port(s): 8080 (http) with context path ''
2024-02-25 16:43:50.686 [restartedMain] INFO  com.fjut.healthydietapp.HealthyDietAppApplication - Started HealthyDietAppApplication in 0.733 seconds (process running for 3213.736)
2024-02-25 16:43:50.687 [restartedMain] INFO  o.s.b.d.a.ConditionEvaluationDeltaLoggingListener - Condition evaluation unchanged
2024-02-25 16:43:52.126 [File Watcher] INFO  o.s.b.d.a.LocalDevToolsAutoConfiguration$RestartingClassPathChangeChangedEventListener - Restarting due to 1 class path change (1 addition, 0 deletions, 0 modifications)
2024-02-25 16:43:52.131 [Thread-7] INFO  org.apache.coyote.http11.Http11NioProtocol - Pausing ProtocolHandler ["http-nio-8080"]
2024-02-25 16:43:52.133 [Thread-7] INFO  org.apache.catalina.core.StandardService - Stopping service [Tomcat]
2024-02-25 16:43:52.134 [Thread-7] INFO  org.apache.coyote.http11.Http11NioProtocol - Stopping ProtocolHandler ["http-nio-8080"]
2024-02-25 16:43:52.135 [Thread-7] INFO  org.apache.coyote.http11.Http11NioProtocol - Destroying ProtocolHandler ["http-nio-8080"]
2024-02-25 16:43:52.221 [restartedMain] INFO  com.fjut.healthydietapp.HealthyDietAppApplication - Starting HealthyDietAppApplication using Java 21.0.1 with PID 24940 (D:\代码\项目代码\HealthyDietApp\target\classes started by 86152 in D:\代码\项目代码\HealthyDietApp)
2024-02-25 16:43:52.222 [restartedMain] INFO  com.fjut.healthydietapp.HealthyDietAppApplication - The following 1 profile is active: "dev"
2024-02-25 16:43:52.418 [restartedMain] INFO  o.s.d.r.config.RepositoryConfigurationDelegate - Multiple Spring Data modules found, entering strict repository configuration mode
2024-02-25 16:43:52.418 [restartedMain] INFO  o.s.d.r.config.RepositoryConfigurationDelegate - Bootstrapping Spring Data Redis repositories in DEFAULT mode.
2024-02-25 16:43:52.426 [restartedMain] INFO  o.s.d.r.config.RepositoryConfigurationDelegate - Finished Spring Data repository scanning in 6 ms. Found 0 Redis repository interfaces.
2024-02-25 16:43:52.505 [restartedMain] INFO  o.s.boot.web.embedded.tomcat.TomcatWebServer - Tomcat initialized with port(s): 8080 (http)
2024-02-25 16:43:52.505 [restartedMain] INFO  org.apache.coyote.http11.Http11NioProtocol - Initializing ProtocolHandler ["http-nio-8080"]
2024-02-25 16:43:52.507 [restartedMain] INFO  org.apache.catalina.core.StandardService - Starting service [Tomcat]
2024-02-25 16:43:52.507 [restartedMain] INFO  org.apache.catalina.core.StandardEngine - Starting Servlet engine: [Apache Tomcat/10.1.16]
2024-02-25 16:43:52.537 [restartedMain] INFO  o.a.c.core.ContainerBase.[Tomcat].[localhost].[/] - Initializing Spring embedded WebApplicationContext
2024-02-25 16:43:52.537 [restartedMain] INFO  o.s.b.w.s.c.ServletWebServerApplicationContext - Root WebApplicationContext: initialization completed in 312 ms
2024-02-25 16:43:52.803 [restartedMain] INFO  o.s.b.d.autoconfigure.OptionalLiveReloadServer - LiveReload server is running on port 35729
2024-02-25 16:43:52.812 [restartedMain] INFO  org.apache.coyote.http11.Http11NioProtocol - Starting ProtocolHandler ["http-nio-8080"]
2024-02-25 16:43:52.816 [restartedMain] INFO  o.s.boot.web.embedded.tomcat.TomcatWebServer - Tomcat started on port(s): 8080 (http) with context path ''
2024-02-25 16:43:52.817 [restartedMain] INFO  com.fjut.healthydietapp.HealthyDietAppApplication - Started HealthyDietAppApplication in 0.63 seconds (process running for 3215.868)
2024-02-25 16:43:52.818 [restartedMain] INFO  o.s.b.d.a.ConditionEvaluationDeltaLoggingListener - Condition evaluation unchanged
2024-02-25 16:47:49.139 [http-nio-8080-exec-2] INFO  o.a.c.core.ContainerBase.[Tomcat].[localhost].[/] - Initializing Spring DispatcherServlet 'dispatcherServlet'
2024-02-25 16:47:49.139 [http-nio-8080-exec-2] INFO  org.springframework.web.servlet.DispatcherServlet - Initializing Servlet 'dispatcherServlet'
2024-02-25 16:47:49.140 [http-nio-8080-exec-2] INFO  org.springframework.web.servlet.DispatcherServlet - Completed initialization in 1 ms
2024-02-25 16:48:07.397 [http-nio-8080-exec-3] INFO  com.zaxxer.hikari.HikariDataSource - HikariPool-2 - Starting...
2024-02-25 16:48:07.410 [http-nio-8080-exec-3] INFO  com.zaxxer.hikari.pool.HikariPool - HikariPool-2 - Added connection com.mysql.cj.jdbc.ConnectionImpl@202ec1c3
2024-02-25 16:48:07.411 [http-nio-8080-exec-3] INFO  com.zaxxer.hikari.HikariDataSource - HikariPool-2 - Start completed.
2024-02-25 16:54:35.408 [SpringApplicationShutdownHook] INFO  com.zaxxer.hikari.HikariDataSource - HikariPool-2 - Shutdown initiated...
2024-02-25 16:54:35.412 [SpringApplicationShutdownHook] INFO  com.zaxxer.hikari.HikariDataSource - HikariPool-2 - Shutdown completed.
2024-02-25 20:46:32.222 [restartedMain] INFO  com.fjut.healthydietapp.HealthyDietAppApplication - Starting HealthyDietAppApplication using Java 21.0.1 with PID 16344 (D:\代码\项目代码\HealthyDietApp\target\classes started by 86152 in D:\代码\项目代码\HealthyDietApp)
2024-02-25 20:46:32.224 [restartedMain] INFO  com.fjut.healthydietapp.HealthyDietAppApplication - The following 1 profile is active: "dev"
2024-02-25 20:46:32.274 [restartedMain] INFO  o.s.b.d.env.DevToolsPropertyDefaultsPostProcessor - Devtools property defaults active! Set 'spring.devtools.add-properties' to 'false' to disable
2024-02-25 20:46:32.275 [restartedMain] INFO  o.s.b.d.env.DevToolsPropertyDefaultsPostProcessor - For additional web related logging consider setting the 'logging.level.web' property to 'DEBUG'
2024-02-25 20:46:33.075 [restartedMain] INFO  o.s.d.r.config.RepositoryConfigurationDelegate - Multiple Spring Data modules found, entering strict repository configuration mode
2024-02-25 20:46:33.079 [restartedMain] INFO  o.s.d.r.config.RepositoryConfigurationDelegate - Bootstrapping Spring Data Redis repositories in DEFAULT mode.
2024-02-25 20:46:33.114 [restartedMain] INFO  o.s.d.r.config.RepositoryConfigurationDelegate - Finished Spring Data repository scanning in 20 ms. Found 0 Redis repository interfaces.
2024-02-25 20:46:33.759 [restartedMain] INFO  o.s.boot.web.embedded.tomcat.TomcatWebServer - Tomcat initialized with port(s): 8080 (http)
2024-02-25 20:46:33.768 [restartedMain] INFO  org.apache.coyote.http11.Http11NioProtocol - Initializing ProtocolHandler ["http-nio-8080"]
2024-02-25 20:46:33.769 [restartedMain] INFO  org.apache.catalina.core.StandardService - Starting service [Tomcat]
2024-02-25 20:46:33.770 [restartedMain] INFO  org.apache.catalina.core.StandardEngine - Starting Servlet engine: [Apache Tomcat/10.1.16]
2024-02-25 20:46:33.836 [restartedMain] INFO  o.a.c.core.ContainerBase.[Tomcat].[localhost].[/] - Initializing Spring embedded WebApplicationContext
2024-02-25 20:46:33.836 [restartedMain] INFO  o.s.b.w.s.c.ServletWebServerApplicationContext - Root WebApplicationContext: initialization completed in 1561 ms
2024-02-25 20:46:35.311 [restartedMain] INFO  o.s.b.d.autoconfigure.OptionalLiveReloadServer - LiveReload server is running on port 35729
2024-02-25 20:46:35.333 [restartedMain] INFO  org.apache.coyote.http11.Http11NioProtocol - Starting ProtocolHandler ["http-nio-8080"]
2024-02-25 20:46:35.350 [restartedMain] INFO  o.s.boot.web.embedded.tomcat.TomcatWebServer - Tomcat started on port(s): 8080 (http) with context path ''
2024-02-25 20:46:35.358 [restartedMain] INFO  com.fjut.healthydietapp.HealthyDietAppApplication - Started HealthyDietAppApplication in 3.721 seconds (process running for 4.871)
