2024-02-18 15:25:24.684 [restartedMain] INFO  com.fjut.healthydietapp.HealthyDietAppApplication - Starting HealthyDietAppApplication using Java 21.0.1 with PID 6784 (D:\代码\项目代码\HealthyDietApp\target\classes started by 86152 in D:\代码\项目代码\HealthyDietApp)
2024-02-18 15:25:24.690 [restartedMain] INFO  com.fjut.healthydietapp.HealthyDietAppApplication - The following 1 profile is active: "dev"
2024-02-18 15:25:24.754 [restartedMain] INFO  o.s.b.d.env.DevToolsPropertyDefaultsPostProcessor - Devtools property defaults active! Set 'spring.devtools.add-properties' to 'false' to disable
2024-02-18 15:25:24.755 [restartedMain] INFO  o.s.b.d.env.DevToolsPropertyDefaultsPostProcessor - For additional web related logging consider setting the 'logging.level.web' property to 'DEBUG'
2024-02-18 15:25:25.446 [restartedMain] INFO  o.s.d.r.config.RepositoryConfigurationDelegate - Multiple Spring Data modules found, entering strict repository configuration mode
2024-02-18 15:25:25.449 [restartedMain] INFO  o.s.d.r.config.RepositoryConfigurationDelegate - Bootstrapping Spring Data Redis repositories in DEFAULT mode.
2024-02-18 15:25:25.483 [restartedMain] INFO  o.s.d.r.config.RepositoryConfigurationDelegate - Finished Spring Data repository scanning in 18 ms. Found 0 Redis repository interfaces.
2024-02-18 15:25:26.155 [restartedMain] INFO  o.s.boot.web.embedded.tomcat.TomcatWebServer - Tomcat initialized with port(s): 8080 (http)
2024-02-18 15:25:26.165 [restartedMain] INFO  org.apache.coyote.http11.Http11NioProtocol - Initializing ProtocolHandler ["http-nio-8080"]
2024-02-18 15:25:26.167 [restartedMain] INFO  org.apache.catalina.core.StandardService - Starting service [Tomcat]
2024-02-18 15:25:26.167 [restartedMain] INFO  org.apache.catalina.core.StandardEngine - Starting Servlet engine: [Apache Tomcat/10.1.16]
2024-02-18 15:25:26.233 [restartedMain] INFO  o.a.c.core.ContainerBase.[Tomcat].[localhost].[/] - Initializing Spring embedded WebApplicationContext
2024-02-18 15:25:26.235 [restartedMain] INFO  o.s.b.w.s.c.ServletWebServerApplicationContext - Root WebApplicationContext: initialization completed in 1479 ms
2024-02-18 15:25:27.359 [restartedMain] INFO  o.s.b.d.autoconfigure.OptionalLiveReloadServer - LiveReload server is running on port 35729
2024-02-18 15:25:27.374 [restartedMain] INFO  org.apache.coyote.http11.Http11NioProtocol - Starting ProtocolHandler ["http-nio-8080"]
2024-02-18 15:25:27.388 [restartedMain] INFO  o.s.boot.web.embedded.tomcat.TomcatWebServer - Tomcat started on port(s): 8080 (http) with context path ''
2024-02-18 15:25:27.396 [restartedMain] INFO  com.fjut.healthydietapp.HealthyDietAppApplication - Started HealthyDietAppApplication in 3.199 seconds (process running for 4.031)
2024-02-18 15:26:04.011 [http-nio-8080-exec-1] INFO  o.a.c.core.ContainerBase.[Tomcat].[localhost].[/] - Initializing Spring DispatcherServlet 'dispatcherServlet'
2024-02-18 15:26:04.012 [http-nio-8080-exec-1] INFO  org.springframework.web.servlet.DispatcherServlet - Initializing Servlet 'dispatcherServlet'
2024-02-18 15:26:04.012 [http-nio-8080-exec-1] INFO  org.springframework.web.servlet.DispatcherServlet - Completed initialization in 0 ms
2024-02-18 15:26:48.311 [File Watcher] INFO  o.s.b.d.a.LocalDevToolsAutoConfiguration$RestartingClassPathChangeChangedEventListener - Restarting due to 1 class path change (0 additions, 0 deletions, 1 modification)
2024-02-18 15:26:48.325 [Thread-5] INFO  org.apache.coyote.http11.Http11NioProtocol - Pausing ProtocolHandler ["http-nio-8080"]
2024-02-18 15:26:48.326 [Thread-5] INFO  org.apache.catalina.core.StandardService - Stopping service [Tomcat]
2024-02-18 15:26:48.327 [Thread-5] INFO  o.a.c.core.ContainerBase.[Tomcat].[localhost].[/] - Destroying Spring FrameworkServlet 'dispatcherServlet'
2024-02-18 15:26:48.331 [Thread-5] INFO  org.apache.coyote.http11.Http11NioProtocol - Stopping ProtocolHandler ["http-nio-8080"]
2024-02-18 15:26:48.333 [Thread-5] INFO  org.apache.coyote.http11.Http11NioProtocol - Destroying ProtocolHandler ["http-nio-8080"]
2024-02-18 15:26:48.442 [restartedMain] INFO  com.fjut.healthydietapp.HealthyDietAppApplication - Starting HealthyDietAppApplication using Java 21.0.1 with PID 6784 (D:\代码\项目代码\HealthyDietApp\target\classes started by 86152 in D:\代码\项目代码\HealthyDietApp)
2024-02-18 15:26:48.442 [restartedMain] INFO  com.fjut.healthydietapp.HealthyDietAppApplication - The following 1 profile is active: "dev"
2024-02-18 15:26:48.631 [restartedMain] INFO  o.s.d.r.config.RepositoryConfigurationDelegate - Multiple Spring Data modules found, entering strict repository configuration mode
2024-02-18 15:26:48.632 [restartedMain] INFO  o.s.d.r.config.RepositoryConfigurationDelegate - Bootstrapping Spring Data Redis repositories in DEFAULT mode.
2024-02-18 15:26:48.638 [restartedMain] INFO  o.s.d.r.config.RepositoryConfigurationDelegate - Finished Spring Data repository scanning in 6 ms. Found 0 Redis repository interfaces.
2024-02-18 15:26:48.730 [restartedMain] INFO  o.s.boot.web.embedded.tomcat.TomcatWebServer - Tomcat initialized with port(s): 8080 (http)
2024-02-18 15:26:48.730 [restartedMain] INFO  org.apache.coyote.http11.Http11NioProtocol - Initializing ProtocolHandler ["http-nio-8080"]
2024-02-18 15:26:48.731 [restartedMain] INFO  org.apache.catalina.core.StandardService - Starting service [Tomcat]
2024-02-18 15:26:48.731 [restartedMain] INFO  org.apache.catalina.core.StandardEngine - Starting Servlet engine: [Apache Tomcat/10.1.16]
2024-02-18 15:26:48.763 [restartedMain] INFO  o.a.c.core.ContainerBase.[Tomcat].[localhost].[/] - Initializing Spring embedded WebApplicationContext
2024-02-18 15:26:48.764 [restartedMain] INFO  o.s.b.w.s.c.ServletWebServerApplicationContext - Root WebApplicationContext: initialization completed in 319 ms
2024-02-18 15:26:49.069 [restartedMain] INFO  o.s.b.d.autoconfigure.OptionalLiveReloadServer - LiveReload server is running on port 35729
2024-02-18 15:26:49.079 [restartedMain] INFO  org.apache.coyote.http11.Http11NioProtocol - Starting ProtocolHandler ["http-nio-8080"]
2024-02-18 15:26:49.081 [restartedMain] INFO  o.s.boot.web.embedded.tomcat.TomcatWebServer - Tomcat started on port(s): 8080 (http) with context path ''
2024-02-18 15:26:49.084 [restartedMain] INFO  com.fjut.healthydietapp.HealthyDietAppApplication - Started HealthyDietAppApplication in 0.691 seconds (process running for 85.719)
2024-02-18 15:26:49.086 [restartedMain] INFO  o.s.b.d.a.ConditionEvaluationDeltaLoggingListener - Condition evaluation unchanged
2024-02-18 15:27:02.217 [http-nio-8080-exec-3] INFO  o.a.c.core.ContainerBase.[Tomcat].[localhost].[/] - Initializing Spring DispatcherServlet 'dispatcherServlet'
2024-02-18 15:27:02.218 [http-nio-8080-exec-3] INFO  org.springframework.web.servlet.DispatcherServlet - Initializing Servlet 'dispatcherServlet'
2024-02-18 15:27:02.218 [http-nio-8080-exec-3] INFO  org.springframework.web.servlet.DispatcherServlet - Completed initialization in 0 ms
2024-02-18 15:27:17.911 [http-nio-8080-exec-2] INFO  com.zaxxer.hikari.HikariDataSource - HikariPool-1 - Starting...
2024-02-18 15:27:18.195 [http-nio-8080-exec-2] INFO  com.zaxxer.hikari.pool.HikariPool - HikariPool-1 - Added connection com.mysql.cj.jdbc.ConnectionImpl@375f5272
2024-02-18 15:27:18.196 [http-nio-8080-exec-2] INFO  com.zaxxer.hikari.HikariDataSource - HikariPool-1 - Start completed.
2024-02-18 15:41:04.920 [SpringApplicationShutdownHook] INFO  com.zaxxer.hikari.HikariDataSource - HikariPool-1 - Shutdown initiated...
2024-02-18 15:41:04.927 [SpringApplicationShutdownHook] INFO  com.zaxxer.hikari.HikariDataSource - HikariPool-1 - Shutdown completed.
2024-02-18 15:41:08.912 [restartedMain] INFO  com.fjut.healthydietapp.HealthyDietAppApplication - Starting HealthyDietAppApplication using Java 21.0.1 with PID 3796 (D:\代码\项目代码\HealthyDietApp\target\classes started by 86152 in D:\代码\项目代码\HealthyDietApp)
2024-02-18 15:41:08.914 [restartedMain] INFO  com.fjut.healthydietapp.HealthyDietAppApplication - The following 1 profile is active: "dev"
2024-02-18 15:41:08.958 [restartedMain] INFO  o.s.b.d.env.DevToolsPropertyDefaultsPostProcessor - Devtools property defaults active! Set 'spring.devtools.add-properties' to 'false' to disable
2024-02-18 15:41:08.958 [restartedMain] INFO  o.s.b.d.env.DevToolsPropertyDefaultsPostProcessor - For additional web related logging consider setting the 'logging.level.web' property to 'DEBUG'
2024-02-18 15:41:09.578 [restartedMain] INFO  o.s.d.r.config.RepositoryConfigurationDelegate - Multiple Spring Data modules found, entering strict repository configuration mode
2024-02-18 15:41:09.580 [restartedMain] INFO  o.s.d.r.config.RepositoryConfigurationDelegate - Bootstrapping Spring Data Redis repositories in DEFAULT mode.
2024-02-18 15:41:09.612 [restartedMain] INFO  o.s.d.r.config.RepositoryConfigurationDelegate - Finished Spring Data repository scanning in 17 ms. Found 0 Redis repository interfaces.
2024-02-18 15:41:10.279 [restartedMain] INFO  o.s.boot.web.embedded.tomcat.TomcatWebServer - Tomcat initialized with port(s): 8080 (http)
2024-02-18 15:41:10.287 [restartedMain] INFO  org.apache.coyote.http11.Http11NioProtocol - Initializing ProtocolHandler ["http-nio-8080"]
2024-02-18 15:41:10.289 [restartedMain] INFO  org.apache.catalina.core.StandardService - Starting service [Tomcat]
2024-02-18 15:41:10.290 [restartedMain] INFO  org.apache.catalina.core.StandardEngine - Starting Servlet engine: [Apache Tomcat/10.1.16]
2024-02-18 15:41:10.354 [restartedMain] INFO  o.a.c.core.ContainerBase.[Tomcat].[localhost].[/] - Initializing Spring embedded WebApplicationContext
2024-02-18 15:41:10.354 [restartedMain] INFO  o.s.b.w.s.c.ServletWebServerApplicationContext - Root WebApplicationContext: initialization completed in 1395 ms
2024-02-18 15:41:11.538 [restartedMain] INFO  o.s.b.d.autoconfigure.OptionalLiveReloadServer - LiveReload server is running on port 35729
2024-02-18 15:41:11.554 [restartedMain] INFO  org.apache.coyote.http11.Http11NioProtocol - Starting ProtocolHandler ["http-nio-8080"]
2024-02-18 15:41:11.569 [restartedMain] INFO  o.s.boot.web.embedded.tomcat.TomcatWebServer - Tomcat started on port(s): 8080 (http) with context path ''
2024-02-18 15:41:11.577 [restartedMain] INFO  com.fjut.healthydietapp.HealthyDietAppApplication - Started HealthyDietAppApplication in 3.112 seconds (process running for 4.263)
2024-02-18 15:41:21.654 [http-nio-8080-exec-1] INFO  o.a.c.core.ContainerBase.[Tomcat].[localhost].[/] - Initializing Spring DispatcherServlet 'dispatcherServlet'
2024-02-18 15:41:21.654 [http-nio-8080-exec-1] INFO  org.springframework.web.servlet.DispatcherServlet - Initializing Servlet 'dispatcherServlet'
2024-02-18 15:41:21.656 [http-nio-8080-exec-1] INFO  org.springframework.web.servlet.DispatcherServlet - Completed initialization in 1 ms
2024-02-18 15:41:50.119 [http-nio-8080-exec-3] INFO  com.zaxxer.hikari.HikariDataSource - HikariPool-1 - Starting...
2024-02-18 15:41:52.193 [http-nio-8080-exec-3] INFO  com.zaxxer.hikari.pool.HikariPool - HikariPool-1 - Added connection com.mysql.cj.jdbc.ConnectionImpl@1e754743
2024-02-18 15:41:52.199 [http-nio-8080-exec-3] INFO  com.zaxxer.hikari.HikariDataSource - HikariPool-1 - Start completed.
2024-02-18 15:44:12.870 [SpringApplicationShutdownHook] INFO  com.zaxxer.hikari.HikariDataSource - HikariPool-1 - Shutdown initiated...
2024-02-18 15:44:12.877 [SpringApplicationShutdownHook] INFO  com.zaxxer.hikari.HikariDataSource - HikariPool-1 - Shutdown completed.
2024-02-18 15:44:14.998 [restartedMain] INFO  com.fjut.healthydietapp.HealthyDietAppApplication - Starting HealthyDietAppApplication using Java 21.0.1 with PID 12564 (D:\代码\项目代码\HealthyDietApp\target\classes started by 86152 in D:\代码\项目代码\HealthyDietApp)
2024-02-18 15:44:14.999 [restartedMain] INFO  com.fjut.healthydietapp.HealthyDietAppApplication - The following 1 profile is active: "dev"
2024-02-18 15:44:15.040 [restartedMain] INFO  o.s.b.d.env.DevToolsPropertyDefaultsPostProcessor - Devtools property defaults active! Set 'spring.devtools.add-properties' to 'false' to disable
2024-02-18 15:44:15.041 [restartedMain] INFO  o.s.b.d.env.DevToolsPropertyDefaultsPostProcessor - For additional web related logging consider setting the 'logging.level.web' property to 'DEBUG'
2024-02-18 15:44:15.589 [restartedMain] INFO  o.s.d.r.config.RepositoryConfigurationDelegate - Multiple Spring Data modules found, entering strict repository configuration mode
2024-02-18 15:44:15.591 [restartedMain] INFO  o.s.d.r.config.RepositoryConfigurationDelegate - Bootstrapping Spring Data Redis repositories in DEFAULT mode.
2024-02-18 15:44:15.620 [restartedMain] INFO  o.s.d.r.config.RepositoryConfigurationDelegate - Finished Spring Data repository scanning in 17 ms. Found 0 Redis repository interfaces.
2024-02-18 15:44:16.170 [restartedMain] INFO  o.s.boot.web.embedded.tomcat.TomcatWebServer - Tomcat initialized with port(s): 8080 (http)
2024-02-18 15:44:16.176 [restartedMain] INFO  org.apache.coyote.http11.Http11NioProtocol - Initializing ProtocolHandler ["http-nio-8080"]
2024-02-18 15:44:16.177 [restartedMain] INFO  org.apache.catalina.core.StandardService - Starting service [Tomcat]
2024-02-18 15:44:16.177 [restartedMain] INFO  org.apache.catalina.core.StandardEngine - Starting Servlet engine: [Apache Tomcat/10.1.16]
2024-02-18 15:44:16.241 [restartedMain] INFO  o.a.c.core.ContainerBase.[Tomcat].[localhost].[/] - Initializing Spring embedded WebApplicationContext
2024-02-18 15:44:16.241 [restartedMain] INFO  o.s.b.w.s.c.ServletWebServerApplicationContext - Root WebApplicationContext: initialization completed in 1200 ms
2024-02-18 15:44:17.409 [restartedMain] INFO  o.s.b.d.autoconfigure.OptionalLiveReloadServer - LiveReload server is running on port 35729
2024-02-18 15:44:17.430 [restartedMain] INFO  org.apache.coyote.http11.Http11NioProtocol - Starting ProtocolHandler ["http-nio-8080"]
2024-02-18 15:44:17.450 [restartedMain] INFO  o.s.boot.web.embedded.tomcat.TomcatWebServer - Tomcat started on port(s): 8080 (http) with context path ''
2024-02-18 15:44:17.459 [restartedMain] INFO  com.fjut.healthydietapp.HealthyDietAppApplication - Started HealthyDietAppApplication in 2.894 seconds (process running for 3.654)
2024-02-18 15:44:50.887 [http-nio-8080-exec-2] INFO  o.a.c.core.ContainerBase.[Tomcat].[localhost].[/] - Initializing Spring DispatcherServlet 'dispatcherServlet'
2024-02-18 15:44:50.887 [http-nio-8080-exec-2] INFO  org.springframework.web.servlet.DispatcherServlet - Initializing Servlet 'dispatcherServlet'
2024-02-18 15:44:50.888 [http-nio-8080-exec-2] INFO  org.springframework.web.servlet.DispatcherServlet - Completed initialization in 1 ms
2024-02-18 15:45:13.665 [http-nio-8080-exec-3] INFO  com.zaxxer.hikari.HikariDataSource - HikariPool-1 - Starting...
2024-02-18 15:45:13.993 [http-nio-8080-exec-3] INFO  com.zaxxer.hikari.pool.HikariPool - HikariPool-1 - Added connection com.mysql.cj.jdbc.ConnectionImpl@7165d02d
2024-02-18 15:45:13.996 [http-nio-8080-exec-3] INFO  com.zaxxer.hikari.HikariDataSource - HikariPool-1 - Start completed.
2024-02-18 21:17:01.018 [SpringApplicationShutdownHook] INFO  com.zaxxer.hikari.HikariDataSource - HikariPool-1 - Shutdown initiated...
2024-02-18 21:17:01.018 [SpringApplicationShutdownHook] INFO  com.zaxxer.hikari.HikariDataSource - HikariPool-1 - Shutdown completed.
