2024-02-13 23:04:56.982 [main] INFO  c.f.healthydietapp.HealthyDietAppApplicationTests - Starting HealthyDietAppApplicationTests using Java 21.0.1 with PID 5964 (started by 86152 in D:\代码\项目代码\HealthyDietApp)
2024-02-13 23:04:56.984 [main] INFO  c.f.healthydietapp.HealthyDietAppApplicationTests - The following 1 profile is active: "dev"
2024-02-13 23:04:57.810 [main] INFO  o.s.d.r.config.RepositoryConfigurationDelegate - Multiple Spring Data modules found, entering strict repository configuration mode
2024-02-13 23:04:57.814 [main] INFO  o.s.d.r.config.RepositoryConfigurationDelegate - Bootstrapping Spring Data Redis repositories in DEFAULT mode.
2024-02-13 23:04:57.868 [main] INFO  o.s.d.r.config.RepositoryConfigurationDelegate - Finished Spring Data repository scanning in 29 ms. Found 0 Redis repository interfaces.
2024-02-13 23:04:59.871 [main] INFO  c.f.healthydietapp.HealthyDietAppApplicationTests - Started HealthyDietAppApplicationTests in 3.331 seconds (process running for 4.473)
2024-02-13 23:05:09.442 [restartedMain] INFO  com.fjut.healthydietapp.HealthyDietAppApplication - Starting HealthyDietAppApplication using Java 21.0.1 with PID 19520 (D:\代码\项目代码\HealthyDietApp\target\classes started by 86152 in D:\代码\项目代码\HealthyDietApp)
2024-02-13 23:05:09.444 [restartedMain] INFO  com.fjut.healthydietapp.HealthyDietAppApplication - The following 1 profile is active: "dev"
2024-02-13 23:05:09.496 [restartedMain] INFO  o.s.b.d.env.DevToolsPropertyDefaultsPostProcessor - Devtools property defaults active! Set 'spring.devtools.add-properties' to 'false' to disable
2024-02-13 23:05:09.497 [restartedMain] INFO  o.s.b.d.env.DevToolsPropertyDefaultsPostProcessor - For additional web related logging consider setting the 'logging.level.web' property to 'DEBUG'
2024-02-13 23:05:10.009 [restartedMain] INFO  o.s.d.r.config.RepositoryConfigurationDelegate - Multiple Spring Data modules found, entering strict repository configuration mode
2024-02-13 23:05:10.011 [restartedMain] INFO  o.s.d.r.config.RepositoryConfigurationDelegate - Bootstrapping Spring Data Redis repositories in DEFAULT mode.
2024-02-13 23:05:10.038 [restartedMain] INFO  o.s.d.r.config.RepositoryConfigurationDelegate - Finished Spring Data repository scanning in 16 ms. Found 0 Redis repository interfaces.
2024-02-13 23:05:10.563 [restartedMain] INFO  o.s.boot.web.embedded.tomcat.TomcatWebServer - Tomcat initialized with port(s): 8080 (http)
2024-02-13 23:05:10.571 [restartedMain] INFO  org.apache.coyote.http11.Http11NioProtocol - Initializing ProtocolHandler ["http-nio-8080"]
2024-02-13 23:05:10.572 [restartedMain] INFO  org.apache.catalina.core.StandardService - Starting service [Tomcat]
2024-02-13 23:05:10.573 [restartedMain] INFO  org.apache.catalina.core.StandardEngine - Starting Servlet engine: [Apache Tomcat/10.1.16]
2024-02-13 23:05:10.642 [restartedMain] INFO  o.a.c.core.ContainerBase.[Tomcat].[localhost].[/] - Initializing Spring embedded WebApplicationContext
2024-02-13 23:05:10.642 [restartedMain] INFO  o.s.b.w.s.c.ServletWebServerApplicationContext - Root WebApplicationContext: initialization completed in 1144 ms
2024-02-13 23:05:11.829 [restartedMain] INFO  o.s.b.d.autoconfigure.OptionalLiveReloadServer - LiveReload server is running on port 35729
2024-02-13 23:05:11.857 [restartedMain] INFO  org.apache.coyote.http11.Http11NioProtocol - Starting ProtocolHandler ["http-nio-8080"]
2024-02-13 23:05:11.879 [restartedMain] INFO  o.s.boot.web.embedded.tomcat.TomcatWebServer - Tomcat started on port(s): 8080 (http) with context path ''
2024-02-13 23:05:11.887 [restartedMain] INFO  com.fjut.healthydietapp.HealthyDietAppApplication - Started HealthyDietAppApplication in 2.84 seconds (process running for 3.518)
2024-02-13 23:17:02.210 [http-nio-8080-exec-1] INFO  o.a.c.core.ContainerBase.[Tomcat].[localhost].[/] - Initializing Spring DispatcherServlet 'dispatcherServlet'
2024-02-13 23:17:02.210 [http-nio-8080-exec-1] INFO  org.springframework.web.servlet.DispatcherServlet - Initializing Servlet 'dispatcherServlet'
2024-02-13 23:17:02.211 [http-nio-8080-exec-1] INFO  org.springframework.web.servlet.DispatcherServlet - Completed initialization in 0 ms
